{
  "stats": {
    "suites": 1,
    "tests": 3,
    "passes": 3,
    "pending": 0,
    "failures": 0,
    "start": "2026-06-02T23:48:15.540Z",
    "end": "2026-06-02T23:48:15.881Z",
    "duration": 341,
    "testsRegistered": 3,
    "passPercent": 100,
    "pendingPercent": 0,
    "other": 0,
    "hasOther": false,
    "skipped": 0,
    "hasSkipped": false
  },
  "results": [
    {
      "uuid": "6eb106a5-82b9-4512-bfc3-f0931f65c37e",
      "title": "",
      "fullFile": "cypress/e2e/teste-API/autenticacao.cy.js",
      "file": "cypress/e2e/teste-API/autenticacao.cy.js",
      "beforeHooks": [],
      "afterHooks": [],
      "tests": [],
      "suites": [
        {
          "uuid": "e410e1ea-eaa0-43e6-a048-3e2815d9a3a8",
          "title": "Validação de Usuários já definidos",
          "fullFile": "",
          "file": "",
          "beforeHooks": [],
          "afterHooks": [],
          "tests": [
            {
              "title": "Deve validar usuário padrão com sucesso",
              "fullTitle": "Validação de Usuários já definidos Deve validar usuário padrão com sucesso",
              "timedOut": null,
              "duration": 135,
              "state": "passed",
              "speed": "fast",
              "pass": true,
              "fail": false,
              "pending": false,
              "context": null,
              "code": "cy.api({\n  method: \"POST\",\n  url: 'api/login',\n  body: {\n    \"email\": \"usuario@teste.com\",\n    \"password\": \"user123\"\n  }\n}).should(response => {\n  expect(response.status).to.equal(200);\n});",
              "err": {},
              "uuid": "ed368d9a-8bcf-4329-b16f-1b895ae81199",
              "parentUUID": "e410e1ea-eaa0-43e6-a048-3e2815d9a3a8",
              "isHook": false,
              "skipped": false
            },
            {
              "title": "Deve validar usuário administrador com sucesso",
              "fullTitle": "Validação de Usuários já definidos Deve validar usuário administrador com sucesso",
              "timedOut": null,
              "duration": 94,
              "state": "passed",
              "speed": "fast",
              "pass": true,
              "fail": false,
              "pending": false,
              "context": null,
              "code": "cy.api({\n  method: \"POST\",\n  url: 'api/login',\n  body: {\n    \"email\": \"admin@biblioteca.com\",\n    \"password\": \"admin123\"\n  }\n}).should(response => {\n  expect(response.status).to.equal(200);\n});",
              "err": {},
              "uuid": "79f244e0-d69d-4101-916a-8257ea0c7aa7",
              "parentUUID": "e410e1ea-eaa0-43e6-a048-3e2815d9a3a8",
              "isHook": false,
              "skipped": false
            },
            {
              "title": "Deve ocorrer erro de credenciais - credenciais inválidas",
              "fullTitle": "Validação de Usuários já definidos Deve ocorrer erro de credenciais - credenciais inválidas",
              "timedOut": null,
              "duration": 37,
              "state": "passed",
              "speed": "fast",
              "pass": true,
              "fail": false,
              "pending": false,
              "context": null,
              "code": "cy.api({\n  method: \"POST\",\n  url: 'api/login',\n  body: {\n    \"email\": \"inexistente@email.com\",\n    \"password\": \"user123\"\n  },\n  failOnStatusCode: false\n}).should(response => {\n  expect(response.status).to.equal(401), expect(response.body.error).to.equal(\"INVALID_CREDENTIALS\");\n});",
              "err": {},
              "uuid": "af0c7fff-3cc9-40dc-9ae0-5ff86bb35f62",
              "parentUUID": "e410e1ea-eaa0-43e6-a048-3e2815d9a3a8",
              "isHook": false,
              "skipped": false
            }
          ],
          "suites": [],
          "passes": [
            "ed368d9a-8bcf-4329-b16f-1b895ae81199",
            "79f244e0-d69d-4101-916a-8257ea0c7aa7",
            "af0c7fff-3cc9-40dc-9ae0-5ff86bb35f62"
          ],
          "failures": [],
          "pending": [],
          "skipped": [],
          "duration": 266,
          "root": false,
          "rootEmpty": false,
          "_timeout": 2000
        }
      ],
      "passes": [],
      "failures": [],
      "pending": [],
      "skipped": [],
      "duration": 0,
      "root": true,
      "rootEmpty": true,
      "_timeout": 2000
    }
  ],
  "meta": {
    "mocha": {
      "version": "7.2.0"
    },
    "mochawesome": {
      "options": {
        "quiet": false,
        "reportFilename": "mochawesome",
        "saveHtml": false,
        "saveJson": true,
        "consoleReporter": "spec",
        "useInlineDiffs": false,
        "code": true
      },
      "version": "7.1.4"
    },
    "marge": {
      "options": {
        "reportDir": "cypress/reports",
        "overwrite": false,
        "html": false,
        "json": true
      },
      "version": "6.3.2"
    }
  }
}