{
  "stats": {
    "suites": 1,
    "tests": 5,
    "passes": 5,
    "pending": 0,
    "failures": 0,
    "start": "2026-06-02T23:41:47.539Z",
    "end": "2026-06-02T23:41:50.543Z",
    "duration": 3004,
    "testsRegistered": 5,
    "passPercent": 100,
    "pendingPercent": 0,
    "other": 0,
    "hasOther": false,
    "skipped": 0,
    "hasSkipped": false
  },
  "results": [
    {
      "uuid": "6244c898-4af2-4092-bb1a-ad41856059e7",
      "title": "",
      "fullFile": "cypress/e2e/integration/busca-livros.spec.cy.js",
      "file": "cypress/e2e/integration/busca-livros.spec.cy.js",
      "beforeHooks": [],
      "afterHooks": [],
      "tests": [],
      "suites": [
        {
          "uuid": "46dc535e-6985-4786-94fa-86efd4c9353c",
          "title": "Funcionalidade: Busca de Livros",
          "fullFile": "",
          "file": "",
          "beforeHooks": [],
          "afterHooks": [],
          "tests": [
            {
              "title": "Deve encontrar livro pela barra de pesquisa",
              "fullTitle": "Funcionalidade: Busca de Livros Deve encontrar livro pela barra de pesquisa",
              "timedOut": null,
              "duration": 1186,
              "state": "passed",
              "speed": "fast",
              "pass": true,
              "fail": false,
              "pending": false,
              "context": null,
              "code": "cy.get('#search-input').type('A Metamorfose');\ncy.get('#filter-description').should('contain', 'Busca:');\ncy.get('.card-title > .text-dark').first().click();",
              "err": {},
              "uuid": "a58b1cac-0881-4815-b4ba-81fe9842ab08",
              "parentUUID": "46dc535e-6985-4786-94fa-86efd4c9353c",
              "isHook": false,
              "skipped": false
            },
            {
              "title": "Deve abrir pagina de detalhes e adicionar à Cesta",
              "fullTitle": "Funcionalidade: Busca de Livros Deve abrir pagina de detalhes e adicionar à Cesta",
              "timedOut": null,
              "duration": 382,
              "state": "passed",
              "speed": "fast",
              "pass": true,
              "fail": false,
              "pending": false,
              "context": null,
              "code": "cy.get('.card-title > .text-dark').eq(5).click();\ncy.url().should('include', 'book-details');\ncy.get('#add-to-cart-btn').click();\ncy.get('#alert-container').should('contain', 'Livro adicionado à cesta com sucesso!');\ncy.get('#cart-count').should('contain', 1);",
              "err": {},
              "uuid": "5ceda81c-1181-4c52-8796-2f1c0dda4f31",
              "parentUUID": "46dc535e-6985-4786-94fa-86efd4c9353c",
              "isHook": false,
              "skipped": false
            },
            {
              "title": "Deve clicar no botão Adicionar à Cesta",
              "fullTitle": "Funcionalidade: Busca de Livros Deve clicar no botão Adicionar à Cesta",
              "timedOut": null,
              "duration": 240,
              "state": "passed",
              "speed": "fast",
              "pass": true,
              "fail": false,
              "pending": false,
              "context": null,
              "code": "cy.get('.btn-primary').eq(5).click();\ncy.get('#global-alert-container').should('contain', 'foi adicionado à cesta!');\ncy.get('#cart-count').should('contain', 1);",
              "err": {},
              "uuid": "5f5e8072-3b75-494a-8bc2-3c69de4a8aae",
              "parentUUID": "46dc535e-6985-4786-94fa-86efd4c9353c",
              "isHook": false,
              "skipped": false
            },
            {
              "title": "Deve Adicionar 2 livros na cesta",
              "fullTitle": "Funcionalidade: Busca de Livros Deve Adicionar 2 livros na cesta",
              "timedOut": null,
              "duration": 523,
              "state": "passed",
              "speed": "fast",
              "pass": true,
              "fail": false,
              "pending": false,
              "context": null,
              "code": "cy.get('.btn-primary').eq(5).click();\ncy.get('#global-alert-container').should('contain', 'foi adicionado à cesta!');\ncy.get('.card-title > .text-dark').eq(4).click();\ncy.url().should('include', 'book-details');\ncy.get('#add-to-cart-btn').click();\ncy.get('#alert-container').should('contain', 'Livro adicionado à cesta com sucesso!');\ncy.get('#cart-count').should('contain', 2);\ncy.get('.btn-outline-secondary').click();",
              "err": {},
              "uuid": "8ed0873c-1974-4a6b-a0c4-c8a85fa37dae",
              "parentUUID": "46dc535e-6985-4786-94fa-86efd4c9353c",
              "isHook": false,
              "skipped": false
            },
            {
              "title": "Deve adicionar 3 livros na cesta de forma automatizada",
              "fullTitle": "Funcionalidade: Busca de Livros Deve adicionar 3 livros na cesta de forma automatizada",
              "timedOut": null,
              "duration": 481,
              "state": "passed",
              "speed": "fast",
              "pass": true,
              "fail": false,
              "pending": false,
              "context": null,
              "code": "cy.get('.btn-primary').then(livros => {\n  const total = livros.length;\n  const index = [];\n  while (index.length < 3) {\n    const random = Math.floor(Math.random() * total);\n    if (!index.includes(random)) {\n      index.push(random);\n    }\n  }\n  index.forEach(i => {\n    cy.wrap(livros[i]).click();\n  });\n});\ncy.get('#cart-count').should('contain', 3);",
              "err": {},
              "uuid": "7d2e412d-92fd-4234-919f-111be547a917",
              "parentUUID": "46dc535e-6985-4786-94fa-86efd4c9353c",
              "isHook": false,
              "skipped": false
            }
          ],
          "suites": [],
          "passes": [
            "a58b1cac-0881-4815-b4ba-81fe9842ab08",
            "5ceda81c-1181-4c52-8796-2f1c0dda4f31",
            "5f5e8072-3b75-494a-8bc2-3c69de4a8aae",
            "8ed0873c-1974-4a6b-a0c4-c8a85fa37dae",
            "7d2e412d-92fd-4234-919f-111be547a917"
          ],
          "failures": [],
          "pending": [],
          "skipped": [],
          "duration": 2812,
          "root": false,
          "rootEmpty": false,
          "_timeout": 2000
        }
      ],
      "passes": [],
      "failures": [],
      "pending": [],
      "skipped": [],
      "duration": 0,
      "root": true,
      "rootEmpty": true,
      "_timeout": 2000
    }
  ],
  "meta": {
    "mocha": {
      "version": "7.2.0"
    },
    "mochawesome": {
      "options": {
        "quiet": false,
        "reportFilename": "mochawesome",
        "saveHtml": false,
        "saveJson": true,
        "consoleReporter": "spec",
        "useInlineDiffs": false,
        "code": true
      },
      "version": "7.1.4"
    },
    "marge": {
      "options": {
        "reportDir": "cypress/reports",
        "overwrite": false,
        "html": false,
        "json": true
      },
      "version": "6.3.2"
    }
  }
}