{
  "stats": {
    "suites": 1,
    "tests": 1,
    "passes": 1,
    "pending": 0,
    "failures": 0,
    "start": "2026-06-02T23:42:22.623Z",
    "end": "2026-06-02T23:42:22.850Z",
    "duration": 227,
    "testsRegistered": 1,
    "passPercent": 100,
    "pendingPercent": 0,
    "other": 0,
    "hasOther": false,
    "skipped": 0,
    "hasSkipped": false
  },
  "results": [
    {
      "uuid": "66e8890e-6da2-4a6c-83eb-3072c64d26a2",
      "title": "",
      "fullFile": "cypress/e2e/teste-API/gestao-usuarios.cy.js",
      "file": "cypress/e2e/teste-API/gestao-usuarios.cy.js",
      "beforeHooks": [],
      "afterHooks": [],
      "tests": [],
      "suites": [
        {
          "uuid": "c7ad953d-8eb7-4605-9198-824b99229c2a",
          "title": "DELETE : Teste de API - Gestão de Usuários",
          "fullFile": "",
          "file": "",
          "beforeHooks": [],
          "afterHooks": [],
          "tests": [
            {
              "title": "Deve deletar usuário com sucesso",
              "fullTitle": "DELETE : Teste de API - Gestão de Usuários Deve deletar usuário com sucesso",
              "timedOut": null,
              "duration": 192,
              "state": "passed",
              "speed": "fast",
              "pass": true,
              "fail": false,
              "pending": false,
              "context": null,
              "code": "cy.api({\n  method: \"DELETE\",\n  url: `api/users/${deleteUser}`,\n  headers: {\n    Authorization: token\n  }\n}).should(response => {\n  expect(response.status).to.equal(200);\n  expect(response.body.message).to.equal(\"Usuário removido com sucesso.\");\n});",
              "err": {},
              "uuid": "e13abd04-c893-4a07-9225-387e80ce36ea",
              "parentUUID": "c7ad953d-8eb7-4605-9198-824b99229c2a",
              "isHook": false,
              "skipped": false
            }
          ],
          "suites": [],
          "passes": [
            "e13abd04-c893-4a07-9225-387e80ce36ea"
          ],
          "failures": [],
          "pending": [],
          "skipped": [],
          "duration": 192,
          "root": false,
          "rootEmpty": false,
          "_timeout": 2000
        }
      ],
      "passes": [],
      "failures": [],
      "pending": [],
      "skipped": [],
      "duration": 0,
      "root": true,
      "rootEmpty": true,
      "_timeout": 2000
    }
  ],
  "meta": {
    "mocha": {
      "version": "7.2.0"
    },
    "mochawesome": {
      "options": {
        "quiet": false,
        "reportFilename": "mochawesome",
        "saveHtml": false,
        "saveJson": true,
        "consoleReporter": "spec",
        "useInlineDiffs": false,
        "code": true
      },
      "version": "7.1.4"
    },
    "marge": {
      "options": {
        "reportDir": "cypress/reports",
        "overwrite": false,
        "html": false,
        "json": true
      },
      "version": "6.3.2"
    }
  }
}