{
  "stats": {
    "suites": 1,
    "tests": 5,
    "passes": 5,
    "pending": 0,
    "failures": 0,
    "start": "2026-06-02T23:47:45.243Z",
    "end": "2026-06-02T23:47:48.171Z",
    "duration": 2928,
    "testsRegistered": 5,
    "passPercent": 100,
    "pendingPercent": 0,
    "other": 0,
    "hasOther": false,
    "skipped": 0,
    "hasSkipped": false
  },
  "results": [
    {
      "uuid": "77e2e2ea-9bee-4b20-85a2-496bed865f89",
      "title": "",
      "fullFile": "cypress/e2e/integration/busca-livros.spec.cy.js",
      "file": "cypress/e2e/integration/busca-livros.spec.cy.js",
      "beforeHooks": [],
      "afterHooks": [],
      "tests": [],
      "suites": [
        {
          "uuid": "703cee97-fb43-4c0e-91d0-7652e3a3eaa5",
          "title": "Funcionalidade: Busca de Livros",
          "fullFile": "",
          "file": "",
          "beforeHooks": [],
          "afterHooks": [],
          "tests": [
            {
              "title": "Deve encontrar livro pela barra de pesquisa",
              "fullTitle": "Funcionalidade: Busca de Livros Deve encontrar livro pela barra de pesquisa",
              "timedOut": null,
              "duration": 1210,
              "state": "passed",
              "speed": "fast",
              "pass": true,
              "fail": false,
              "pending": false,
              "context": null,
              "code": "cy.get('#search-input').type('A Metamorfose');\ncy.get('#filter-description').should('contain', 'Busca:');\ncy.get('.card-title > .text-dark').first().click();",
              "err": {},
              "uuid": "fcecdbe4-a373-469a-be07-1254bd314abf",
              "parentUUID": "703cee97-fb43-4c0e-91d0-7652e3a3eaa5",
              "isHook": false,
              "skipped": false
            },
            {
              "title": "Deve abrir pagina de detalhes e adicionar à Cesta",
              "fullTitle": "Funcionalidade: Busca de Livros Deve abrir pagina de detalhes e adicionar à Cesta",
              "timedOut": null,
              "duration": 376,
              "state": "passed",
              "speed": "fast",
              "pass": true,
              "fail": false,
              "pending": false,
              "context": null,
              "code": "cy.get('.card-title > .text-dark').eq(5).click();\ncy.url().should('include', 'book-details');\ncy.get('#add-to-cart-btn').click();\ncy.get('#alert-container').should('contain', 'Livro adicionado à cesta com sucesso!');\ncy.get('#cart-count').should('contain', 1);",
              "err": {},
              "uuid": "e99e20cd-2ea8-499d-9894-5df8da6d44c7",
              "parentUUID": "703cee97-fb43-4c0e-91d0-7652e3a3eaa5",
              "isHook": false,
              "skipped": false
            },
            {
              "title": "Deve clicar no botão Adicionar à Cesta",
              "fullTitle": "Funcionalidade: Busca de Livros Deve clicar no botão Adicionar à Cesta",
              "timedOut": null,
              "duration": 222,
              "state": "passed",
              "speed": "fast",
              "pass": true,
              "fail": false,
              "pending": false,
              "context": null,
              "code": "cy.get('.btn-primary').eq(5).click();\ncy.get('#global-alert-container').should('contain', 'foi adicionado à cesta!');\ncy.get('#cart-count').should('contain', 1);",
              "err": {},
              "uuid": "c864e687-b90b-49a7-8c7b-a1d2c149d3bd",
              "parentUUID": "703cee97-fb43-4c0e-91d0-7652e3a3eaa5",
              "isHook": false,
              "skipped": false
            },
            {
              "title": "Deve Adicionar 2 livros na cesta",
              "fullTitle": "Funcionalidade: Busca de Livros Deve Adicionar 2 livros na cesta",
              "timedOut": null,
              "duration": 519,
              "state": "passed",
              "speed": "fast",
              "pass": true,
              "fail": false,
              "pending": false,
              "context": null,
              "code": "cy.get('.btn-primary').eq(5).click();\ncy.get('#global-alert-container').should('contain', 'foi adicionado à cesta!');\ncy.get('.card-title > .text-dark').eq(4).click();\ncy.url().should('include', 'book-details');\ncy.get('#add-to-cart-btn').click();\ncy.get('#alert-container').should('contain', 'Livro adicionado à cesta com sucesso!');\ncy.get('#cart-count').should('contain', 2);\ncy.get('.btn-outline-secondary').click();",
              "err": {},
              "uuid": "446a2433-c2d5-4b20-b38f-61d0702361c5",
              "parentUUID": "703cee97-fb43-4c0e-91d0-7652e3a3eaa5",
              "isHook": false,
              "skipped": false
            },
            {
              "title": "Deve adicionar 3 livros na cesta de forma automatizada",
              "fullTitle": "Funcionalidade: Busca de Livros Deve adicionar 3 livros na cesta de forma automatizada",
              "timedOut": null,
              "duration": 426,
              "state": "passed",
              "speed": "fast",
              "pass": true,
              "fail": false,
              "pending": false,
              "context": null,
              "code": "cy.get('.btn-primary').then(livros => {\n  const total = livros.length;\n  const index = [];\n  while (index.length < 3) {\n    const random = Math.floor(Math.random() * total);\n    if (!index.includes(random)) {\n      index.push(random);\n    }\n  }\n  index.forEach(i => {\n    cy.wrap(livros[i]).click();\n  });\n});\ncy.get('#cart-count').should('contain', 3);",
              "err": {},
              "uuid": "a4f5b004-4305-4daa-899d-6101d709d3ed",
              "parentUUID": "703cee97-fb43-4c0e-91d0-7652e3a3eaa5",
              "isHook": false,
              "skipped": false
            }
          ],
          "suites": [],
          "passes": [
            "fcecdbe4-a373-469a-be07-1254bd314abf",
            "e99e20cd-2ea8-499d-9894-5df8da6d44c7",
            "c864e687-b90b-49a7-8c7b-a1d2c149d3bd",
            "446a2433-c2d5-4b20-b38f-61d0702361c5",
            "a4f5b004-4305-4daa-899d-6101d709d3ed"
          ],
          "failures": [],
          "pending": [],
          "skipped": [],
          "duration": 2753,
          "root": false,
          "rootEmpty": false,
          "_timeout": 2000
        }
      ],
      "passes": [],
      "failures": [],
      "pending": [],
      "skipped": [],
      "duration": 0,
      "root": true,
      "rootEmpty": true,
      "_timeout": 2000
    }
  ],
  "meta": {
    "mocha": {
      "version": "7.2.0"
    },
    "mochawesome": {
      "options": {
        "quiet": false,
        "reportFilename": "mochawesome",
        "saveHtml": false,
        "saveJson": true,
        "consoleReporter": "spec",
        "useInlineDiffs": false,
        "code": true
      },
      "version": "7.1.4"
    },
    "marge": {
      "options": {
        "reportDir": "cypress/reports",
        "overwrite": false,
        "html": false,
        "json": true
      },
      "version": "6.3.2"
    }
  }
}