{
  "stats": {
    "suites": 1,
    "tests": 6,
    "passes": 6,
    "pending": 0,
    "failures": 0,
    "start": "2026-06-02T23:41:55.337Z",
    "end": "2026-06-02T23:42:06.384Z",
    "duration": 11047,
    "testsRegistered": 6,
    "passPercent": 100,
    "pendingPercent": 0,
    "other": 0,
    "hasOther": false,
    "skipped": 0,
    "hasSkipped": false
  },
  "results": [
    {
      "uuid": "251580f9-acfa-4670-8786-794f3a10065b",
      "title": "",
      "fullFile": "cypress/e2e/integration/cadastro.spec.cy.js",
      "file": "cypress/e2e/integration/cadastro.spec.cy.js",
      "beforeHooks": [],
      "afterHooks": [],
      "tests": [],
      "suites": [
        {
          "uuid": "143eb491-e483-4857-aa43-9d7e13cb428b",
          "title": "Funcionalidade: Cadastro",
          "fullFile": "",
          "file": "",
          "beforeHooks": [],
          "afterHooks": [],
          "tests": [
            {
              "title": "Deve criar cadastro com sucesso",
              "fullTitle": "Funcionalidade: Cadastro Deve criar cadastro com sucesso",
              "timedOut": null,
              "duration": 4254,
              "state": "passed",
              "speed": "fast",
              "pass": true,
              "fail": false,
              "pending": false,
              "context": null,
              "code": "cy.writeFile('cypress/fixtures/user.json', user);\ncy.get('#name').type(user.name);\ncy.get('#email').type(user.email);\ncy.get('#phone').type(user.phone);\ncy.get('#password').type(user.password);\ncy.get('#confirm-password').type(confirmPassword);\ncy.get('#terms-agreement').click();\ncy.get('#register-btn').click();\ncy.url().should('include', 'dashboard');\ncy.get('.user-info').should('contain', user.name);",
              "err": {},
              "uuid": "0293ef39-ea98-449a-9749-16a16877dbb4",
              "parentUUID": "143eb491-e483-4857-aa43-9d7e13cb428b",
              "isHook": false,
              "skipped": false
            },
            {
              "title": "Deve mostrar Erro de Usuario já Cadastrado",
              "fullTitle": "Funcionalidade: Cadastro Deve mostrar Erro de Usuario já Cadastrado",
              "timedOut": null,
              "duration": 1494,
              "state": "passed",
              "speed": "fast",
              "pass": true,
              "fail": false,
              "pending": false,
              "context": null,
              "code": "cy.fixture('user').then(user => {\n  cy.get('#name').type(user.name);\n  cy.get('#email').type(user.email);\n  cy.get('#password').type(user.password);\n  cy.get('#confirm-password').type(confirmPassword);\n  cy.get('#terms-agreement').click();\n  cy.get('#register-btn').click();\n  cy.get('#alert-container').should('contain', 'Erro ao criar conta');\n});",
              "err": {},
              "uuid": "a4673776-0ce7-4eae-a9a5-e821c0b75643",
              "parentUUID": "143eb491-e483-4857-aa43-9d7e13cb428b",
              "isHook": false,
              "skipped": false
            },
            {
              "title": "Deve mostrar Erro no campo Nome",
              "fullTitle": "Funcionalidade: Cadastro Deve mostrar Erro no campo Nome",
              "timedOut": null,
              "duration": 1340,
              "state": "passed",
              "speed": "fast",
              "pass": true,
              "fail": false,
              "pending": false,
              "context": null,
              "code": "cy.fixture('user').then(user => {\n  cy.get('#name').type('A');\n  cy.get('#email').type(user.email);\n  cy.get('#password').type(user.password);\n  cy.get('#confirm-password').type(confirmPassword);\n  cy.get('#terms-agreement').click();\n  cy.get('#register-btn').click();\n  cy.get('.invalid-feedback').should('contain', 'Nome deve ter pelo menos 2 caracteres');\n});",
              "err": {},
              "uuid": "ae31fc32-9195-49c0-9f13-72aa9309fec6",
              "parentUUID": "143eb491-e483-4857-aa43-9d7e13cb428b",
              "isHook": false,
              "skipped": false
            },
            {
              "title": "Deve mostrar Erro no campo Email",
              "fullTitle": "Funcionalidade: Cadastro Deve mostrar Erro no campo Email",
              "timedOut": null,
              "duration": 1404,
              "state": "passed",
              "speed": "fast",
              "pass": true,
              "fail": false,
              "pending": false,
              "context": null,
              "code": "cy.fixture('user').then(user => {\n  cy.get('#name').type(user.name);\n  cy.get('#email').type('algo.email');\n  cy.get('#password').type(user.password);\n  cy.get('#confirm-password').type(confirmPassword);\n  cy.get('#terms-agreement').click();\n  cy.get('#register-btn').click();\n  cy.get('.invalid-feedback').should('contain', 'Email válido é obrigatório');\n});",
              "err": {},
              "uuid": "63b58457-4465-4c1e-8b4a-1dd504bda1dd",
              "parentUUID": "143eb491-e483-4857-aa43-9d7e13cb428b",
              "isHook": false,
              "skipped": false
            },
            {
              "title": "Deve mostrar Erro no campo Senha",
              "fullTitle": "Funcionalidade: Cadastro Deve mostrar Erro no campo Senha",
              "timedOut": null,
              "duration": 900,
              "state": "passed",
              "speed": "fast",
              "pass": true,
              "fail": false,
              "pending": false,
              "context": null,
              "code": "cy.fixture('user').then(user => {\n  cy.get('#name').type(user.name);\n  cy.get('#email').type(user.email);\n  cy.get('#terms-agreement').click();\n  cy.get('#register-btn').click();\n  cy.get('#password-feedback').should('contain', 'Mínimo 6 caracteres');\n});",
              "err": {},
              "uuid": "9268825a-fbd5-4c12-95e7-48cef7811266",
              "parentUUID": "143eb491-e483-4857-aa43-9d7e13cb428b",
              "isHook": false,
              "skipped": false
            },
            {
              "title": "Deve mostrar Erro no campo Confirmar Senha",
              "fullTitle": "Funcionalidade: Cadastro Deve mostrar Erro no campo Confirmar Senha",
              "timedOut": null,
              "duration": 1475,
              "state": "passed",
              "speed": "fast",
              "pass": true,
              "fail": false,
              "pending": false,
              "context": null,
              "code": "cy.fixture('user').then(user => {\n  cy.get('#name').type(user.name);\n  cy.get('#email').type(user.email);\n  cy.get('#password').type(user.password);\n  cy.get('#confirm-password').type(user.password);\n  cy.get('#terms-agreement').click();\n  cy.get('#register-btn').click();\n  cy.get('.invalid-feedback').should('contain', 'Senhas não coincidem');\n});",
              "err": {},
              "uuid": "455033d3-da71-4029-80d7-f7d49503cbbb",
              "parentUUID": "143eb491-e483-4857-aa43-9d7e13cb428b",
              "isHook": false,
              "skipped": false
            }
          ],
          "suites": [],
          "passes": [
            "0293ef39-ea98-449a-9749-16a16877dbb4",
            "a4673776-0ce7-4eae-a9a5-e821c0b75643",
            "ae31fc32-9195-49c0-9f13-72aa9309fec6",
            "63b58457-4465-4c1e-8b4a-1dd504bda1dd",
            "9268825a-fbd5-4c12-95e7-48cef7811266",
            "455033d3-da71-4029-80d7-f7d49503cbbb"
          ],
          "failures": [],
          "pending": [],
          "skipped": [],
          "duration": 10867,
          "root": false,
          "rootEmpty": false,
          "_timeout": 2000
        }
      ],
      "passes": [],
      "failures": [],
      "pending": [],
      "skipped": [],
      "duration": 0,
      "root": true,
      "rootEmpty": true,
      "_timeout": 2000
    }
  ],
  "meta": {
    "mocha": {
      "version": "7.2.0"
    },
    "mochawesome": {
      "options": {
        "quiet": false,
        "reportFilename": "mochawesome",
        "saveHtml": false,
        "saveJson": true,
        "consoleReporter": "spec",
        "useInlineDiffs": false,
        "code": true
      },
      "version": "7.1.4"
    },
    "marge": {
      "options": {
        "reportDir": "cypress/reports",
        "overwrite": false,
        "html": false,
        "json": true
      },
      "version": "6.3.2"
    }
  }
}