{
  "stats": {
    "suites": 1,
    "tests": 3,
    "passes": 3,
    "pending": 0,
    "failures": 0,
    "start": "2026-06-02T22:57:51.035Z",
    "end": "2026-06-02T22:57:51.370Z",
    "duration": 335,
    "testsRegistered": 3,
    "passPercent": 100,
    "pendingPercent": 0,
    "other": 0,
    "hasOther": false,
    "skipped": 0,
    "hasSkipped": false
  },
  "results": [
    {
      "uuid": "bf49f7a5-379a-4388-b153-8b358121c00b",
      "title": "",
      "fullFile": "cypress/e2e/teste-API/reserva-de-livros.cy.js",
      "file": "cypress/e2e/teste-API/reserva-de-livros.cy.js",
      "beforeHooks": [],
      "afterHooks": [],
      "tests": [],
      "suites": [
        {
          "uuid": "e874c9bd-8549-4ed4-8827-edfe3af62c43",
          "title": "Catálogo de livros",
          "fullFile": "",
          "file": "",
          "beforeHooks": [],
          "afterHooks": [],
          "tests": [
            {
              "title": "Deve listar todos os livros disponíveis com sucesso",
              "fullTitle": "Catálogo de livros Deve listar todos os livros disponíveis com sucesso",
              "timedOut": null,
              "duration": 89,
              "state": "passed",
              "speed": "fast",
              "pass": true,
              "fail": false,
              "pending": false,
              "context": null,
              "code": "cy.api({\n  method: 'GET',\n  url: 'api/books'\n}).should(response => {\n  expect(response.status).to.equal(200);\n});",
              "err": {},
              "uuid": "aa20c29f-6705-4339-ad64-0c44a82c1aed",
              "parentUUID": "e874c9bd-8549-4ed4-8827-edfe3af62c43",
              "isHook": false,
              "skipped": false
            },
            {
              "title": "Deve listar todos os livros disponíveis na categoria Ficção",
              "fullTitle": "Catálogo de livros Deve listar todos os livros disponíveis na categoria Ficção",
              "timedOut": null,
              "duration": 50,
              "state": "passed",
              "speed": "fast",
              "pass": true,
              "fail": false,
              "pending": false,
              "context": null,
              "code": "cy.api({\n  method: 'GET',\n  url: 'api/books',\n  category: 'Ficção',\n  avaliable: 'true',\n  orderBy: 'title',\n  order: \"ASC\"\n}).should(response => {\n  expect(response.status).to.equal(200);\n});",
              "err": {},
              "uuid": "4d74d71d-4a9c-4f44-91d4-c9b71484130f",
              "parentUUID": "e874c9bd-8549-4ed4-8827-edfe3af62c43",
              "isHook": false,
              "skipped": false
            },
            {
              "title": "Deve listar todas as categorias disponíveis com sucesso",
              "fullTitle": "Catálogo de livros Deve listar todas as categorias disponíveis com sucesso",
              "timedOut": null,
              "duration": 36,
              "state": "passed",
              "speed": "fast",
              "pass": true,
              "fail": false,
              "pending": false,
              "context": null,
              "code": "cy.api({\n  method: 'GET',\n  url: 'api/books/categories'\n}).should(response => {\n  expect(response.status).to.equal(200);\n});",
              "err": {},
              "uuid": "c86e2dfe-cbef-46d8-b9e5-8980d7fcd1f1",
              "parentUUID": "e874c9bd-8549-4ed4-8827-edfe3af62c43",
              "isHook": false,
              "skipped": false
            }
          ],
          "suites": [],
          "passes": [
            "aa20c29f-6705-4339-ad64-0c44a82c1aed",
            "4d74d71d-4a9c-4f44-91d4-c9b71484130f",
            "c86e2dfe-cbef-46d8-b9e5-8980d7fcd1f1"
          ],
          "failures": [],
          "pending": [],
          "skipped": [],
          "duration": 175,
          "root": false,
          "rootEmpty": false,
          "_timeout": 2000
        }
      ],
      "passes": [],
      "failures": [],
      "pending": [],
      "skipped": [],
      "duration": 0,
      "root": true,
      "rootEmpty": true,
      "_timeout": 2000
    }
  ],
  "meta": {
    "mocha": {
      "version": "7.2.0"
    },
    "mochawesome": {
      "options": {
        "quiet": false,
        "reportFilename": "mochawesome",
        "saveHtml": false,
        "saveJson": true,
        "consoleReporter": "spec",
        "useInlineDiffs": false,
        "code": true
      },
      "version": "7.1.4"
    },
    "marge": {
      "options": {
        "reportDir": "cypress/reports",
        "overwrite": false,
        "html": false,
        "json": true
      },
      "version": "6.3.2"
    }
  }
}