{
  "stats": {
    "suites": 1,
    "tests": 4,
    "passes": 4,
    "pending": 0,
    "failures": 0,
    "start": "2026-06-02T22:57:34.269Z",
    "end": "2026-06-02T22:57:39.695Z",
    "duration": 5426,
    "testsRegistered": 4,
    "passPercent": 100,
    "pendingPercent": 0,
    "other": 0,
    "hasOther": false,
    "skipped": 0,
    "hasSkipped": false
  },
  "results": [
    {
      "uuid": "fdc6e4f2-48f5-4791-89f9-02cdf10d27bb",
      "title": "",
      "fullFile": "cypress/e2e/integration/login.spec.cy.js",
      "file": "cypress/e2e/integration/login.spec.cy.js",
      "beforeHooks": [],
      "afterHooks": [],
      "tests": [],
      "suites": [
        {
          "uuid": "8694e98b-b850-41b5-9822-caf2e82f2578",
          "title": "Funcionalidade: Login",
          "fullFile": "",
          "file": "",
          "beforeHooks": [],
          "afterHooks": [],
          "tests": [
            {
              "title": "Deve realizar login com sucesso com dados já pré-definidos",
              "fullTitle": "Funcionalidade: Login Deve realizar login com sucesso com dados já pré-definidos",
              "timedOut": null,
              "duration": 2112,
              "state": "passed",
              "speed": "fast",
              "pass": true,
              "fail": false,
              "pending": false,
              "context": null,
              "code": "cy.get('#email').type('usuario@teste.com');\ncy.get('#password').type('user123');\ncy.get('#login-btn').click();\ncy.get('.user-info').should('contain', 'Usuário Padrão');",
              "err": {},
              "uuid": "4d738885-2b8c-4ef6-9859-0fa2216ee913",
              "parentUUID": "8694e98b-b850-41b5-9822-caf2e82f2578",
              "isHook": false,
              "skipped": false
            },
            {
              "title": "Deve realizar login com sucesso usando fixture",
              "fullTitle": "Funcionalidade: Login Deve realizar login com sucesso usando fixture",
              "timedOut": null,
              "duration": 2109,
              "state": "passed",
              "speed": "fast",
              "pass": true,
              "fail": false,
              "pending": false,
              "context": null,
              "code": "cy.fixture('user').then(user => {\n  cy.get('#email').type(user.email);\n  cy.get('#password').type(user.password);\n  cy.get('#login-btn').click();\n  cy.get('.user-info').should('contain', user.name);\n});",
              "err": {},
              "uuid": "ec1770bd-ffb4-4114-8e7f-36edfcbb23af",
              "parentUUID": "8694e98b-b850-41b5-9822-caf2e82f2578",
              "isHook": false,
              "skipped": false
            },
            {
              "title": "Deve mostrar menssagem de Erro",
              "fullTitle": "Funcionalidade: Login Deve mostrar menssagem de Erro",
              "timedOut": null,
              "duration": 719,
              "state": "passed",
              "speed": "fast",
              "pass": true,
              "fail": false,
              "pending": false,
              "context": null,
              "code": "cy.get('#email').type('email.errado@teste.br');\ncy.get('#password').type('algo');\ncy.get('#login-btn').click();\ncy.get('#alert-container').should('contain', 'Email ou senha incorretos.');",
              "err": {},
              "uuid": "12528920-b56d-4315-99db-e222bfdfbdb3",
              "parentUUID": "8694e98b-b850-41b5-9822-caf2e82f2578",
              "isHook": false,
              "skipped": false
            },
            {
              "title": "Deve mostrar alerta para Email não informado",
              "fullTitle": "Funcionalidade: Login Deve mostrar alerta para Email não informado",
              "timedOut": null,
              "duration": 351,
              "state": "passed",
              "speed": "fast",
              "pass": true,
              "fail": false,
              "pending": false,
              "context": null,
              "code": "cy.get('#password').type('algo');\ncy.get('#login-btn').click();\ncy.get('.invalid-feedback').should('contain', 'Por favor, insira um email válido.');",
              "err": {},
              "uuid": "b9968570-300e-468c-859b-2649c0e8c99d",
              "parentUUID": "8694e98b-b850-41b5-9822-caf2e82f2578",
              "isHook": false,
              "skipped": false
            }
          ],
          "suites": [],
          "passes": [
            "4d738885-2b8c-4ef6-9859-0fa2216ee913",
            "ec1770bd-ffb4-4114-8e7f-36edfcbb23af",
            "12528920-b56d-4315-99db-e222bfdfbdb3",
            "b9968570-300e-468c-859b-2649c0e8c99d"
          ],
          "failures": [],
          "pending": [],
          "skipped": [],
          "duration": 5291,
          "root": false,
          "rootEmpty": false,
          "_timeout": 2000
        }
      ],
      "passes": [],
      "failures": [],
      "pending": [],
      "skipped": [],
      "duration": 0,
      "root": true,
      "rootEmpty": true,
      "_timeout": 2000
    }
  ],
  "meta": {
    "mocha": {
      "version": "7.2.0"
    },
    "mochawesome": {
      "options": {
        "quiet": false,
        "reportFilename": "mochawesome",
        "saveHtml": false,
        "saveJson": true,
        "consoleReporter": "spec",
        "useInlineDiffs": false,
        "code": true
      },
      "version": "7.1.4"
    },
    "marge": {
      "options": {
        "reportDir": "cypress/reports",
        "overwrite": false,
        "html": false,
        "json": true
      },
      "version": "6.3.2"
    }
  }
}