{
  "stats": {
    "suites": 1,
    "tests": 1,
    "passes": 1,
    "pending": 0,
    "failures": 0,
    "start": "2026-06-02T22:56:52.034Z",
    "end": "2026-06-02T22:57:08.632Z",
    "duration": 16598,
    "testsRegistered": 1,
    "passPercent": 100,
    "pendingPercent": 0,
    "other": 0,
    "hasOther": false,
    "skipped": 0,
    "hasSkipped": false
  },
  "results": [
    {
      "uuid": "dff29ba3-0e0e-44ee-9eee-78d76d2b4340",
      "title": "",
      "fullFile": "cypress/e2e/fluxo/fluxo-emprestimo.cy.js",
      "file": "cypress/e2e/fluxo/fluxo-emprestimo.cy.js",
      "beforeHooks": [],
      "afterHooks": [],
      "tests": [],
      "suites": [
        {
          "uuid": "894bf9a7-d730-4cec-a2d6-e19842bbb56e",
          "title": "End-to-end - Usando JS",
          "fullFile": "",
          "file": "",
          "beforeHooks": [],
          "afterHooks": [],
          "tests": [
            {
              "title": "Deve fazer todo um fluxo de emprestimo de apenas um livro com sucesso",
              "fullTitle": "End-to-end - Usando JS Deve fazer todo um fluxo de emprestimo de apenas um livro com sucesso",
              "timedOut": null,
              "duration": 16504,
              "state": "passed",
              "speed": "slow",
              "pass": true,
              "fail": false,
              "pending": false,
              "context": null,
              "code": "cy.visit('index.html');\ncy.get('#account-link').click();\ncy.get('[href=\"/register.html\"]').click();\ncy.register();\ncy.get('#update-account-button').click();\nlet birthday = _faker.faker.date.birthdate().toISOString().split('T')[0];\ncy.get('#birthdate').type(birthday);\ncy.get('#save-btn').click();\ncy.get('#alert-container').should('contain', 'Perfil atualizado com sucesso!');\ncy.get('.btn-outline-info').click();\ncy.get('.d-grid > .btn-primary').click();\ncy.randomBookDetails(1);\ncy.get('.btn-outline-secondary').click();\ncy.randomBookDetails(1);\ncy.get('#add-to-cart-btn').click();\ncy.get('#alert-container').should('contain', 'Livro adicionado à cesta com sucesso!');\ncy.get('.btn-outline-secondary').click();\ncy.randomBooks(1);\ncy.get('#cart-count').should('contain', 2);\ncy.get('#cart-count').click();\ncy.removeRandomBook(1);\ncy.get('#checkout-btn').click();\ncy.fixture('user').then(user => {\n  cy.get('#user-phone').type(user.phone);\n});\ncy.get('#terms-agreement').click();\ncy.get('#confirm-reservations-btn').click();\ncy.get('.confirmation-card').should('exist');",
              "err": {},
              "uuid": "f8c75f9b-ad23-4c7c-b576-2241cde6043f",
              "parentUUID": "894bf9a7-d730-4cec-a2d6-e19842bbb56e",
              "isHook": false,
              "skipped": false
            }
          ],
          "suites": [],
          "passes": [
            "f8c75f9b-ad23-4c7c-b576-2241cde6043f"
          ],
          "failures": [],
          "pending": [],
          "skipped": [],
          "duration": 16504,
          "root": false,
          "rootEmpty": false,
          "_timeout": 2000
        }
      ],
      "passes": [],
      "failures": [],
      "pending": [],
      "skipped": [],
      "duration": 0,
      "root": true,
      "rootEmpty": true,
      "_timeout": 2000
    }
  ],
  "meta": {
    "mocha": {
      "version": "7.2.0"
    },
    "mochawesome": {
      "options": {
        "quiet": false,
        "reportFilename": "mochawesome",
        "saveHtml": false,
        "saveJson": true,
        "consoleReporter": "spec",
        "useInlineDiffs": false,
        "code": true
      },
      "version": "7.1.4"
    },
    "marge": {
      "options": {
        "reportDir": "cypress/reports",
        "overwrite": false,
        "html": false,
        "json": true
      },
      "version": "6.3.2"
    }
  }
}