{
  "stats": {
    "suites": 1,
    "tests": 3,
    "passes": 3,
    "pending": 0,
    "failures": 0,
    "start": "2026-06-02T23:48:23.751Z",
    "end": "2026-06-02T23:48:24.078Z",
    "duration": 327,
    "testsRegistered": 3,
    "passPercent": 100,
    "pendingPercent": 0,
    "other": 0,
    "hasOther": false,
    "skipped": 0,
    "hasSkipped": false
  },
  "results": [
    {
      "uuid": "5c613195-653b-496a-af03-52fad5cb74ca",
      "title": "",
      "fullFile": "cypress/e2e/teste-API/reserva-de-livros.cy.js",
      "file": "cypress/e2e/teste-API/reserva-de-livros.cy.js",
      "beforeHooks": [],
      "afterHooks": [],
      "tests": [],
      "suites": [
        {
          "uuid": "88388436-fdfe-4e16-bddd-73a8f7e06a74",
          "title": "Catálogo de livros",
          "fullFile": "",
          "file": "",
          "beforeHooks": [],
          "afterHooks": [],
          "tests": [
            {
              "title": "Deve listar todos os livros disponíveis com sucesso",
              "fullTitle": "Catálogo de livros Deve listar todos os livros disponíveis com sucesso",
              "timedOut": null,
              "duration": 88,
              "state": "passed",
              "speed": "fast",
              "pass": true,
              "fail": false,
              "pending": false,
              "context": null,
              "code": "cy.api({\n  method: 'GET',\n  url: 'api/books'\n}).should(response => {\n  expect(response.status).to.equal(200);\n});",
              "err": {},
              "uuid": "96812046-bcd8-463f-a121-9f4d45bc5483",
              "parentUUID": "88388436-fdfe-4e16-bddd-73a8f7e06a74",
              "isHook": false,
              "skipped": false
            },
            {
              "title": "Deve listar todos os livros disponíveis na categoria Ficção",
              "fullTitle": "Catálogo de livros Deve listar todos os livros disponíveis na categoria Ficção",
              "timedOut": null,
              "duration": 44,
              "state": "passed",
              "speed": "fast",
              "pass": true,
              "fail": false,
              "pending": false,
              "context": null,
              "code": "cy.api({\n  method: 'GET',\n  url: 'api/books',\n  category: 'Ficção',\n  avaliable: 'true',\n  orderBy: 'title',\n  order: \"ASC\"\n}).should(response => {\n  expect(response.status).to.equal(200);\n});",
              "err": {},
              "uuid": "7a370001-6497-46f6-8619-fe842dc2f027",
              "parentUUID": "88388436-fdfe-4e16-bddd-73a8f7e06a74",
              "isHook": false,
              "skipped": false
            },
            {
              "title": "Deve listar todas as categorias disponíveis com sucesso",
              "fullTitle": "Catálogo de livros Deve listar todas as categorias disponíveis com sucesso",
              "timedOut": null,
              "duration": 40,
              "state": "passed",
              "speed": "fast",
              "pass": true,
              "fail": false,
              "pending": false,
              "context": null,
              "code": "cy.api({\n  method: 'GET',\n  url: 'api/books/categories'\n}).should(response => {\n  expect(response.status).to.equal(200);\n});",
              "err": {},
              "uuid": "475404e8-f2da-4ff9-a178-6c60e8688b66",
              "parentUUID": "88388436-fdfe-4e16-bddd-73a8f7e06a74",
              "isHook": false,
              "skipped": false
            }
          ],
          "suites": [],
          "passes": [
            "96812046-bcd8-463f-a121-9f4d45bc5483",
            "7a370001-6497-46f6-8619-fe842dc2f027",
            "475404e8-f2da-4ff9-a178-6c60e8688b66"
          ],
          "failures": [],
          "pending": [],
          "skipped": [],
          "duration": 172,
          "root": false,
          "rootEmpty": false,
          "_timeout": 2000
        }
      ],
      "passes": [],
      "failures": [],
      "pending": [],
      "skipped": [],
      "duration": 0,
      "root": true,
      "rootEmpty": true,
      "_timeout": 2000
    }
  ],
  "meta": {
    "mocha": {
      "version": "7.2.0"
    },
    "mochawesome": {
      "options": {
        "quiet": false,
        "reportFilename": "mochawesome",
        "saveHtml": false,
        "saveJson": true,
        "consoleReporter": "spec",
        "useInlineDiffs": false,
        "code": true
      },
      "version": "7.1.4"
    },
    "marge": {
      "options": {
        "reportDir": "cypress/reports",
        "overwrite": false,
        "html": false,
        "json": true
      },
      "version": "6.3.2"
    }
  }
}