{
  "stats": {
    "suites": 1,
    "tests": 4,
    "passes": 4,
    "pending": 0,
    "failures": 0,
    "start": "2026-06-02T23:42:09.408Z",
    "end": "2026-06-02T23:42:14.807Z",
    "duration": 5399,
    "testsRegistered": 4,
    "passPercent": 100,
    "pendingPercent": 0,
    "other": 0,
    "hasOther": false,
    "skipped": 0,
    "hasSkipped": false
  },
  "results": [
    {
      "uuid": "016ebcfb-f86a-40b4-b14f-98d31bab226e",
      "title": "",
      "fullFile": "cypress/e2e/integration/login.spec.cy.js",
      "file": "cypress/e2e/integration/login.spec.cy.js",
      "beforeHooks": [],
      "afterHooks": [],
      "tests": [],
      "suites": [
        {
          "uuid": "dac8d544-dd36-4f06-be3d-e946cfbcce1d",
          "title": "Funcionalidade: Login",
          "fullFile": "",
          "file": "",
          "beforeHooks": [],
          "afterHooks": [],
          "tests": [
            {
              "title": "Deve realizar login com sucesso com dados já pré-definidos",
              "fullTitle": "Funcionalidade: Login Deve realizar login com sucesso com dados já pré-definidos",
              "timedOut": null,
              "duration": 2144,
              "state": "passed",
              "speed": "fast",
              "pass": true,
              "fail": false,
              "pending": false,
              "context": null,
              "code": "cy.get('#email').type('usuario@teste.com');\ncy.get('#password').type('user123');\ncy.get('#login-btn').click();\ncy.get('.user-info').should('contain', 'Usuário Padrão');",
              "err": {},
              "uuid": "b91a1cfb-46a3-4f9f-af9d-0da41266e540",
              "parentUUID": "dac8d544-dd36-4f06-be3d-e946cfbcce1d",
              "isHook": false,
              "skipped": false
            },
            {
              "title": "Deve realizar login com sucesso usando fixture",
              "fullTitle": "Funcionalidade: Login Deve realizar login com sucesso usando fixture",
              "timedOut": null,
              "duration": 2052,
              "state": "passed",
              "speed": "fast",
              "pass": true,
              "fail": false,
              "pending": false,
              "context": null,
              "code": "cy.fixture('user').then(user => {\n  cy.get('#email').type(user.email);\n  cy.get('#password').type(user.password);\n  cy.get('#login-btn').click();\n  cy.get('.user-info').should('contain', user.name);\n});",
              "err": {},
              "uuid": "5826a57a-f747-4c1f-a948-5c73a2d8b108",
              "parentUUID": "dac8d544-dd36-4f06-be3d-e946cfbcce1d",
              "isHook": false,
              "skipped": false
            },
            {
              "title": "Deve mostrar menssagem de Erro",
              "fullTitle": "Funcionalidade: Login Deve mostrar menssagem de Erro",
              "timedOut": null,
              "duration": 714,
              "state": "passed",
              "speed": "fast",
              "pass": true,
              "fail": false,
              "pending": false,
              "context": null,
              "code": "cy.get('#email').type('email.errado@teste.br');\ncy.get('#password').type('algo');\ncy.get('#login-btn').click();\ncy.get('#alert-container').should('contain', 'Email ou senha incorretos.');",
              "err": {},
              "uuid": "eb79f0bd-6f3d-4cbc-959a-1b575d363df0",
              "parentUUID": "dac8d544-dd36-4f06-be3d-e946cfbcce1d",
              "isHook": false,
              "skipped": false
            },
            {
              "title": "Deve mostrar alerta para Email não informado",
              "fullTitle": "Funcionalidade: Login Deve mostrar alerta para Email não informado",
              "timedOut": null,
              "duration": 341,
              "state": "passed",
              "speed": "fast",
              "pass": true,
              "fail": false,
              "pending": false,
              "context": null,
              "code": "cy.get('#password').type('algo');\ncy.get('#login-btn').click();\ncy.get('.invalid-feedback').should('contain', 'Por favor, insira um email válido.');",
              "err": {},
              "uuid": "a83266a4-cf74-4378-8515-575cb96052f8",
              "parentUUID": "dac8d544-dd36-4f06-be3d-e946cfbcce1d",
              "isHook": false,
              "skipped": false
            }
          ],
          "suites": [],
          "passes": [
            "b91a1cfb-46a3-4f9f-af9d-0da41266e540",
            "5826a57a-f747-4c1f-a948-5c73a2d8b108",
            "eb79f0bd-6f3d-4cbc-959a-1b575d363df0",
            "a83266a4-cf74-4378-8515-575cb96052f8"
          ],
          "failures": [],
          "pending": [],
          "skipped": [],
          "duration": 5251,
          "root": false,
          "rootEmpty": false,
          "_timeout": 2000
        }
      ],
      "passes": [],
      "failures": [],
      "pending": [],
      "skipped": [],
      "duration": 0,
      "root": true,
      "rootEmpty": true,
      "_timeout": 2000
    }
  ],
  "meta": {
    "mocha": {
      "version": "7.2.0"
    },
    "mochawesome": {
      "options": {
        "quiet": false,
        "reportFilename": "mochawesome",
        "saveHtml": false,
        "saveJson": true,
        "consoleReporter": "spec",
        "useInlineDiffs": false,
        "code": true
      },
      "version": "7.1.4"
    },
    "marge": {
      "options": {
        "reportDir": "cypress/reports",
        "overwrite": false,
        "html": false,
        "json": true
      },
      "version": "6.3.2"
    }
  }
}